# JRE version: OpenJDK Runtime Environment Temurin-21.0.10+7 (21.0.10+7) (build 21.0.10+7-LTS)
# Java VM: OpenJDK 64-Bit Server VM Temurin-21.0.10+7 (21.0.10+7-LTS, mixed mode, sharing, tiered, compressed oops, compressed class ptrs, parallel gc, windows-amd64)
GC Precious Log:
 CardTable entry size: 512
 CPUs: 8 total, 8 available
 Memory: 7859M
 Large Page Support: Disabled
 NUMA Support: Disabled
 Compressed Oops: Enabled (32-bit)
 Alignments: Space 512K, Generation 512K, Heap 2M
 Heap Min Capacity: 100M
 Heap Initial Capacity: 100M
 Heap Max Capacity: 2G
 Pre-touch: Disabled
 Parallel Workers: 8
Heap:
 PSYoungGen      total 3584K, used 1661K [0x00000000d5580000, 0x00000000d5a80000, 0x0000000100000000)
  eden space 3072K, 44% used [0x00000000d5580000,0x00000000d56d74c8,0x00000000d5880000)
  from space 512K, 56% used [0x00000000d5a00000,0x00000000d5a48000,0x00000000d5a80000)
  to   space 512K, 0% used [0x00000000d5980000,0x00000000d5980000,0x00000000d5a00000)
 ParOldGen       total 193536K, used 83009K [0x0000000080000000, 0x000000008bd00000, 0x00000000d5580000)
  object space 193536K, 42% used [0x0000000080000000,0x0000000085110708,0x000000008bd00000)
 Metaspace       used 62202K, committed 63616K, reserved 1114112K
  class space    used 6581K, committed 7232K, reserved 1048576K
GC Heap History (20 events):
Event: 148.824 GC heap before
{Heap before GC invocations=516 (full 3):
 PSYoungGen      total 3584K, used 3362K [0x00000000d5580000, 0x00000000d5a80000, 0x0000000100000000)
  eden space 3072K, 100% used [0x00000000d5580000,0x00000000d5880000,0x00000000d5880000)
  from space 512K, 56% used [0x00000000d5a00000,0x00000000d5a488e0,0x00000000d5a80000)
  to   space 512K, 0% used [0x00000000d5980000,0x00000000d5980000,0x00000000d5a00000)
 ParOldGen       total 193536K, used 80303K [0x0000000080000000, 0x000000008bd00000, 0x00000000d5580000)
  object space 193536K, 41% used [0x0000000080000000,0x0000000084e6bd98,0x000000008bd00000)
 Metaspace       used 62201K, committed 63616K, reserved 1114112K
  class space    used 6581K, committed 7232K, reserved 1048576K
}
Event: 148.829 GC heap after
{Heap after GC invocations=516 (full 3):
 PSYoungGen      total 3584K, used 393K [0x00000000d5580000, 0x00000000d5a80000, 0x0000000100000000)
  eden space 3072K, 0% used [0x00000000d5580000,0x00000000d5580000,0x00000000d5880000)
  from space 512K, 76% used [0x00000000d5980000,0x00000000d59e2400,0x00000000d5a00000)
  to   space 512K, 0% used [0x00000000d5a00000,0x00000000d5a00000,0x00000000d5a80000)
 ParOldGen       total 193536K, used 80423K [0x0000000080000000, 0x000000008bd00000, 0x00000000d5580000)
  object space 193536K, 41% used [0x0000000080000000,0x0000000084e89d98,0x000000008bd00000)
 Metaspace       used 62201K, committed 63616K, reserved 1114112K
  class space    used 6581K, committed 7232K, reserved 1048576K
}
Event: 148.887 GC heap before
{Heap before GC invocations=517 (full 3):
 PSYoungGen      total 3584K, used 3465K [0x00000000d5580000, 0x00000000d5a80000, 0x0000000100000000)
  eden space 3072K, 100% used [0x00000000d5580000,0x00000000d5880000,0x00000000d5880000)
  from space 512K, 76% used [0x00000000d5980000,0x00000000d59e2400,0x00000000d5a00000)
  to   space 512K, 0% used [0x00000000d5a00000,0x00000000d5a00000,0x00000000d5a80000)
 ParOldGen       total 193536K, used 80423K [0x0000000080000000, 0x000000008bd00000, 0x00000000d5580000)
  object space 193536K, 41% used [0x0000000080000000,0x0000000084e89d98,0x000000008bd00000)
 Metaspace       used 62201K, committed 63616K, reserved 1114112K
  class space    used 6581K, committed 7232K, reserved 1048576K
}
Event: 148.891 GC heap after
{Heap after GC invocations=517 (full 3):
 PSYoungGen      total 3584K, used 386K [0x00000000d5580000, 0x00000000d5a80000, 0x0000000100000000)
  eden space 3072K, 0% used [0x00000000d5580000,0x00000000d5580000,0x00000000d5880000)
  from space 512K, 75% used [0x00000000d5a00000,0x00000000d5a60aa8,0x00000000d5a80000)
  to   space 512K, 0% used [0x00000000d5980000,0x00000000d5980000,0x00000000d5a00000)
 ParOldGen       total 193536K, used 81224K [0x0000000080000000, 0x000000008bd00000, 0x00000000d5580000)
  object space 193536K, 41% used [0x0000000080000000,0x0000000084f522a8,0x000000008bd00000)
 Metaspace       used 62201K, committed 63616K, reserved 1114112K
  class space    used 6581K, committed 7232K, reserved 1048576K
}
Event: 148.917 GC heap before
{Heap before GC invocations=518 (full 3):
 PSYoungGen      total 3584K, used 3458K [0x00000000d5580000, 0x00000000d5a80000, 0x0000000100000000)
  eden space 3072K, 100% used [0x00000000d5580000,0x00000000d5880000,0x00000000d5880000)
  from space 512K, 75% used [0x00000000d5a00000,0x00000000d5a60aa8,0x00000000d5a80000)
  to   space 512K, 0% used [0x00000000d5980000,0x00000000d5980000,0x00000000d5a00000)
 ParOldGen       total 193536K, used 81224K [0x0000000080000000, 0x000000008bd00000, 0x00000000d5580000)
  object space 193536K, 41% used [0x0000000080000000,0x0000000084f522a8,0x000000008bd00000)
 Metaspace       used 62201K, committed 63616K, reserved 1114112K
  class space    used 6581K, committed 7232K, reserved 1048576K
}
Event: 148.919 GC heap after
{Heap after GC invocations=518 (full 3):
 PSYoungGen      total 3584K, used 315K [0x00000000d5580000, 0x00000000d5a80000, 0x0000000100000000)
  eden space 3072K, 0% used [0x00000000d5580000,0x00000000d5580000,0x00000000d5880000)
  from space 512K, 61% used [0x00000000d5980000,0x00000000d59cef68,0x00000000d5a00000)
  to   space 512K, 0% used [0x00000000d5a00000,0x00000000d5a00000,0x00000000d5a80000)
 ParOldGen       total 193536K, used 81496K [0x0000000080000000, 0x000000008bd00000, 0x00000000d5580000)
  object space 193536K, 42% used [0x0000000080000000,0x0000000084f96160,0x000000008bd00000)
 Metaspace       used 62201K, committed 63616K, reserved 1114112K
  class space    used 6581K, committed 7232K, reserved 1048576K
}
Event: 148.938 GC heap before
{Heap before GC invocations=519 (full 3):
 PSYoungGen      total 3584K, used 3387K [0x00000000d5580000, 0x00000000d5a80000, 0x0000000100000000)
  eden space 3072K, 100% used [0x00000000d5580000,0x00000000d5880000,0x00000000d5880000)
  from space 512K, 61% used [0x00000000d5980000,0x00000000d59cef68,0x00000000d5a00000)
  to   space 512K, 0% used [0x00000000d5a00000,0x00000000d5a00000,0x00000000d5a80000)
 ParOldGen       total 193536K, used 81496K [0x0000000080000000, 0x000000008bd00000, 0x00000000d5580000)
  object space 193536K, 42% used [0x0000000080000000,0x0000000084f96160,0x000000008bd00000)
 Metaspace       used 62201K, committed 63616K, reserved 1114112K
  class space    used 6581K, committed 7232K, reserved 1048576K
}
Event: 148.939 GC heap after
{Heap after GC invocations=519 (full 3):
 PSYoungGen      total 3584K, used 326K [0x00000000d5580000, 0x00000000d5a80000, 0x0000000100000000)
  eden space 3072K, 0% used [0x00000000d5580000,0x00000000d5580000,0x00000000d5880000)
  from space 512K, 63% used [0x00000000d5a00000,0x00000000d5a51810,0x00000000d5a80000)
  to   space 512K, 0% used [0x00000000d5980000,0x00000000d5980000,0x00000000d5a00000)
 ParOldGen       total 193536K, used 81650K [0x0000000080000000, 0x000000008bd00000, 0x00000000d5580000)
  object space 193536K, 42% used [0x0000000080000000,0x0000000084fbcb78,0x000000008bd00000)
 Metaspace       used 62201K, committed 63616K, reserved 1114112K
  class space    used 6581K, committed 7232K, reserved 1048576K
}
Event: 148.952 GC heap before
{Heap before GC invocations=520 (full 3):
 PSYoungGen      total 3584K, used 3398K [0x00000000d5580000, 0x00000000d5a80000, 0x0000000100000000)
  eden space 3072K, 100% used [0x00000000d5580000,0x00000000d5880000,0x00000000d5880000)
  from space 512K, 63% used [0x00000000d5a00000,0x00000000d5a51810,0x00000000d5a80000)
  to   space 512K, 0% used [0x00000000d5980000,0x00000000d5980000,0x00000000d5a00000)
 ParOldGen       total 193536K, used 81650K [0x0000000080000000, 0x000000008bd00000, 0x00000000d5580000)
  object space 193536K, 42% used [0x0000000080000000,0x0000000084fbcb78,0x000000008bd00000)
 Metaspace       used 62202K, committed 63616K, reserved 1114112K
  class space    used 6581K, committed 7232K, reserved 1048576K
}
Event: 148.954 GC heap after
{Heap after GC invocations=520 (full 3):
 PSYoungGen      total 3584K, used 320K [0x00000000d5580000, 0x00000000d5a80000, 0x0000000100000000)
  eden space 3072K, 0% used [0x00000000d5580000,0x00000000d5580000,0x00000000d5880000)
  from space 512K, 62% used [0x00000000d5980000,0x00000000d59d0000,0x00000000d5a00000)
  to   space 512K, 0% used [0x00000000d5a00000,0x00000000d5a00000,0x00000000d5a80000)
 ParOldGen       total 193536K, used 81833K [0x0000000080000000, 0x000000008bd00000, 0x00000000d5580000)
  object space 193536K, 42% used [0x0000000080000000,0x0000000084fea490,0x000000008bd00000)
 Metaspace       used 62202K, committed 63616K, reserved 1114112K
  class space    used 6581K, committed 7232K, reserved 1048576K
}
Event: 148.975 GC heap before
{Heap before GC invocations=521 (full 3):
 PSYoungGen      total 3584K, used 3391K [0x00000000d5580000, 0x00000000d5a80000, 0x0000000100000000)
  eden space 3072K, 99% used [0x00000000d5580000,0x00000000d587ff68,0x00000000d5880000)
  from space 512K, 62% used [0x00000000d5980000,0x00000000d59d0000,0x00000000d5a00000)
  to   space 512K, 0% used [0x00000000d5a00000,0x00000000d5a00000,0x00000000d5a80000)
 ParOldGen       total 193536K, used 81833K [0x0000000080000000, 0x000000008bd00000, 0x00000000d5580000)
  object space 193536K, 42% used [0x0000000080000000,0x0000000084fea490,0x000000008bd00000)
 Metaspace       used 62202K, committed 63616K, reserved 1114112K
  class space    used 6581K, committed 7232K, reserved 1048576K
}
Event: 148.977 GC heap after
{Heap after GC invocations=521 (full 3):
 PSYoungGen      total 3584K, used 378K [0x00000000d5580000, 0x00000000d5a80000, 0x0000000100000000)
  eden space 3072K, 0% used [0x00000000d5580000,0x00000000d5580000,0x00000000d5880000)
  from space 512K, 73% used [0x00000000d5a00000,0x00000000d5a5e818,0x00000000d5a80000)
  to   space 512K, 0% used [0x00000000d5980000,0x00000000d5980000,0x00000000d5a00000)
 ParOldGen       total 193536K, used 81946K [0x0000000080000000, 0x000000008bd00000, 0x00000000d5580000)
  object space 193536K, 42% used [0x0000000080000000,0x0000000085006b30,0x000000008bd00000)
 Metaspace       used 62202K, committed 63616K, reserved 1114112K
  class space    used 6581K, committed 7232K, reserved 1048576K
}
Event: 149.006 GC heap before
{Heap before GC invocations=522 (full 3):
 PSYoungGen      total 3584K, used 3450K [0x00000000d5580000, 0x00000000d5a80000, 0x0000000100000000)
  eden space 3072K, 100% used [0x00000000d5580000,0x00000000d5880000,0x00000000d5880000)
  from space 512K, 73% used [0x00000000d5a00000,0x00000000d5a5e818,0x00000000d5a80000)
  to   space 512K, 0% used [0x00000000d5980000,0x00000000d5980000,0x00000000d5a00000)
 ParOldGen       total 193536K, used 81946K [0x0000000080000000, 0x000000008bd00000, 0x00000000d5580000)
  object space 193536K, 42% used [0x0000000080000000,0x0000000085006b30,0x000000008bd00000)
 Metaspace       used 62202K, committed 63616K, reserved 1114112K
  class space    used 6581K, committed 7232K, reserved 1048576K
}
Event: 149.008 GC heap after
{Heap after GC invocations=522 (full 3):
 PSYoungGen      total 3584K, used 256K [0x00000000d5580000, 0x00000000d5a80000, 0x0000000100000000)
  eden space 3072K, 0% used [0x00000000d5580000,0x00000000d5580000,0x00000000d5880000)
  from space 512K, 50% used [0x00000000d5980000,0x00000000d59c0000,0x00000000d5a00000)
  to   space 512K, 0% used [0x00000000d5a00000,0x00000000d5a00000,0x00000000d5a80000)
 ParOldGen       total 193536K, used 82147K [0x0000000080000000, 0x000000008bd00000, 0x00000000d5580000)
  object space 193536K, 42% used [0x0000000080000000,0x0000000085038c30,0x000000008bd00000)
 Metaspace       used 62202K, committed 63616K, reserved 1114112K
  class space    used 6581K, committed 7232K, reserved 1048576K
}
Event: 149.031 GC heap before
{Heap before GC invocations=523 (full 3):
 PSYoungGen      total 3584K, used 3328K [0x00000000d5580000, 0x00000000d5a80000, 0x0000000100000000)
  eden space 3072K, 100% used [0x00000000d5580000,0x00000000d5880000,0x00000000d5880000)
  from space 512K, 50% used [0x00000000d5980000,0x00000000d59c0000,0x00000000d5a00000)
  to   space 512K, 0% used [0x00000000d5a00000,0x00000000d5a00000,0x00000000d5a80000)
 ParOldGen       total 193536K, used 82147K [0x0000000080000000, 0x000000008bd00000, 0x00000000d5580000)
  object space 193536K, 42% used [0x0000000080000000,0x0000000085038c30,0x000000008bd00000)
 Metaspace       used 62202K, committed 63616K, reserved 1114112K
  class space    used 6581K, committed 7232K, reserved 1048576K
}
Event: 149.034 GC heap after
{Heap after GC invocations=523 (full 3):
 PSYoungGen      total 3584K, used 304K [0x00000000d5580000, 0x00000000d5a80000, 0x0000000100000000)
  eden space 3072K, 0% used [0x00000000d5580000,0x00000000d5580000,0x00000000d5880000)
  from space 512K, 59% used [0x00000000d5a00000,0x00000000d5a4c120,0x00000000d5a80000)
  to   space 512K, 0% used [0x00000000d5980000,0x00000000d5980000,0x00000000d5a00000)
 ParOldGen       total 193536K, used 82288K [0x0000000080000000, 0x000000008bd00000, 0x00000000d5580000)
  object space 193536K, 42% used [0x0000000080000000,0x000000008505c2c8,0x000000008bd00000)
 Metaspace       used 62202K, committed 63616K, reserved 1114112K
  class space    used 6581K, committed 7232K, reserved 1048576K
}
Event: 149.051 GC heap before
{Heap before GC invocations=524 (full 3):
 PSYoungGen      total 3584K, used 3376K [0x00000000d5580000, 0x00000000d5a80000, 0x0000000100000000)
  eden space 3072K, 100% used [0x00000000d5580000,0x00000000d5880000,0x00000000d5880000)
  from space 512K, 59% used [0x00000000d5a00000,0x00000000d5a4c120,0x00000000d5a80000)
  to   space 512K, 0% used [0x00000000d5980000,0x00000000d5980000,0x00000000d5a00000)
 ParOldGen       total 193536K, used 82288K [0x0000000080000000, 0x000000008bd00000, 0x00000000d5580000)
  object space 193536K, 42% used [0x0000000080000000,0x000000008505c2c8,0x000000008bd00000)
 Metaspace       used 62202K, committed 63616K, reserved 1114112K
  class space    used 6581K, committed 7232K, reserved 1048576K
}
Event: 149.052 GC heap after
{Heap after GC invocations=524 (full 3):
 PSYoungGen      total 3584K, used 288K [0x00000000d5580000, 0x00000000d5a80000, 0x0000000100000000)
  eden space 3072K, 0% used [0x00000000d5580000,0x00000000d5580000,0x00000000d5880000)
  from space 512K, 56% used [0x00000000d5980000,0x00000000d59c8000,0x00000000d5a00000)
  to   space 512K, 0% used [0x00000000d5a00000,0x00000000d5a00000,0x00000000d5a80000)
 ParOldGen       total 193536K, used 82451K [0x0000000080000000, 0x000000008bd00000, 0x00000000d5580000)
  object space 193536K, 42% used [0x0000000080000000,0x0000000085084de0,0x000000008bd00000)
 Metaspace       used 62202K, committed 63616K, reserved 1114112K
  class space    used 6581K, committed 7232K, reserved 1048576K
}
Event: 149.099 GC heap before
{Heap before GC invocations=525 (full 3):
 PSYoungGen      total 3584K, used 3360K [0x00000000d5580000, 0x00000000d5a80000, 0x0000000100000000)
  eden space 3072K, 100% used [0x00000000d5580000,0x00000000d5880000,0x00000000d5880000)
  from space 512K, 56% used [0x00000000d5980000,0x00000000d59c8000,0x00000000d5a00000)
  to   space 512K, 0% used [0x00000000d5a00000,0x00000000d5a00000,0x00000000d5a80000)
 ParOldGen       total 193536K, used 82451K [0x0000000080000000, 0x000000008bd00000, 0x00000000d5580000)
  object space 193536K, 42% used [0x0000000080000000,0x0000000085084de0,0x000000008bd00000)
 Metaspace       used 62202K, committed 63616K, reserved 1114112K
  class space    used 6581K, committed 7232K, reserved 1048576K
}
Event: 149.102 GC heap after
{Heap after GC invocations=525 (full 3):
 PSYoungGen      total 3584K, used 341K [0x00000000d5580000, 0x00000000d5a80000, 0x0000000100000000)
  eden space 3072K, 0% used [0x00000000d5580000,0x00000000d5580000,0x00000000d5880000)
  from space 512K, 66% used [0x00000000d5a00000,0x00000000d5a55480,0x00000000d5a80000)
  to   space 512K, 0% used [0x00000000d5980000,0x00000000d5980000,0x00000000d5a00000)
 ParOldGen       total 193536K, used 82605K [0x0000000080000000, 0x000000008bd00000, 0x00000000d5580000)
  object space 193536K, 42% used [0x0000000080000000,0x00000000850ab720,0x000000008bd00000)
 Metaspace       used 62202K, committed 63616K, reserved 1114112K
  class space    used 6581K, committed 7232K, reserved 1048576K
}

